<?xml version="1.0" encoding="UTF-8"?>
<!-- Generated by org.testng.reporters.JUnitXMLReporter -->
<testsuite hostname="Vishnu" name="Command line test" tests="1" failures="1" timestamp="22 Feb 2017 16:25:25 GMT" time="17.381" errors="0">
  <testcase name="@AfterTest teardown" time="0.0" classname="Org.Project.SpiceJet_Test.HomePageTest">
    <failure type="java.lang.Exception">
      <![CDATA[java.lang.Exception
	at Org.Project.Spicejet.UtilityFunctions.takeScreenshot(UtilityFunctions.java:61)
	at Org.Project.SpiceJet_Test.HomePageTest.teardown(HomePageTest.java:36)
... Removed 31 stack frames]]>
    </failure>
  </testcase> <!-- @AfterTest teardown -->
  <testcase name="verifyAllState" time="4.627" classname="Org.Project.SpiceJet_Test.HomePageTest">
    <failure type="org.openqa.selenium.WebDriverException" message="Failed to decode response from marionette (WARNING: The server did not provide any stacktrace information)
Command duration or timeout: 140 milliseconds
Build info: version: &amp;apos;unknown&amp;apos;, revision: &amp;apos;31c43c8&amp;apos;, time: &amp;apos;2016-08-02 21:57:56 -0700&amp;apos;
System info: host: &amp;apos;Vishnu&amp;apos;, ip: &amp;apos;192.168.1.6&amp;apos;, os.name: &amp;apos;Windows 8.1&amp;apos;, os.arch: &amp;apos;amd64&amp;apos;, os.version: &amp;apos;6.3&amp;apos;, java.version: &amp;apos;1.8.0_60&amp;apos;
Driver info: org.openqa.selenium.firefox.FirefoxDriver
Capabilities [{rotatable=false, raisesAccessibilityExceptions=false, appBuildId=20160726073904, version=, platform=XP, proxy={}, command_id=1, specificationLevel=0, acceptSslCerts=false, browserVersion=48.0, platformVersion=6.3, XULappId={ec8030f7-c20a-464f-9b0e-13a3a9e97384}, browserName=Firefox, takesScreenshot=true, takesElementScreenshot=true, platformName=Windows_NT, device=desktop}]
Session ID: b2cff003-37b3-463d-95e0-495002b20482
*** Element info: {Using=xpath, value=//div[@id=&amp;apos;glsctl00_mainContent_ddl_destinationStation1_CTNR&amp;apos;]/table/tbody/tr[2]/td/div[3]/div[1]/div/ul}">
      <![CDATA[org.openqa.selenium.WebDriverException: Failed to decode response from marionette (WARNING: The server did not provide any stacktrace information)
Command duration or timeout: 140 milliseconds
Build info: version: 'unknown', revision: '31c43c8', time: '2016-08-02 21:57:56 -0700'
System info: host: 'Vishnu', ip: '192.168.1.6', os.name: 'Windows 8.1', os.arch: 'amd64', os.version: '6.3', java.version: '1.8.0_60'
Driver info: org.openqa.selenium.firefox.FirefoxDriver
Capabilities [{rotatable=false, raisesAccessibilityExceptions=false, appBuildId=20160726073904, version=, platform=XP, proxy={}, command_id=1, specificationLevel=0, acceptSslCerts=false, browserVersion=48.0, platformVersion=6.3, XULappId={ec8030f7-c20a-464f-9b0e-13a3a9e97384}, browserName=Firefox, takesScreenshot=true, takesElementScreenshot=true, platformName=Windows_NT, device=desktop}]
Session ID: b2cff003-37b3-463d-95e0-495002b20482
*** Element info: {Using=xpath, value=//div[@id='glsctl00_mainContent_ddl_destinationStation1_CTNR']/table/tbody/tr[2]/td/div[3]/div[1]/div/ul}
	at org.openqa.selenium.remote.ErrorHandler.createThrowable(ErrorHandler.java:206)
	at org.openqa.selenium.remote.ErrorHandler.throwIfResponseFailed(ErrorHandler.java:158)
	at org.openqa.selenium.remote.RemoteWebDriver.execute(RemoteWebDriver.java:683)
	at org.openqa.selenium.remote.RemoteWebDriver.findElements(RemoteWebDriver.java:402)
	at org.openqa.selenium.remote.RemoteWebDriver.findElementsByXPath(RemoteWebDriver.java:510)
	at org.openqa.selenium.By$ByXPath.findElements(By.java:356)
	at org.openqa.selenium.remote.RemoteWebDriver.findElements(RemoteWebDriver.java:365)
	at org.openqa.selenium.support.pagefactory.DefaultElementLocator.findElements(DefaultElementLocator.java:85)
	at org.openqa.selenium.support.pagefactory.internal.LocatingElementListHandler.invoke(LocatingElementListHandler.java:36)
	at com.sun.proxy.$Proxy6.size(Unknown Source)
	at Org.Project.SpicejetPageObjects.Homepage_Objects.compareStates(Homepage_Objects.java:61)
	at Org.Project.SpiceJet_Test.HomePageTest.verifyAllState(HomePageTest.java:52)
... Removed 37 stack frames]]>
    </failure>
  </testcase> <!-- verifyAllState -->
</testsuite> <!-- Command line test -->
